<?xml version="1.0" encoding="UTF-8"?>
<!-- Generated by org.testng.reporters.JUnitXMLReporter -->
<testsuite ignored="0" hostname="Anils-MacBook-Air.local" failures="0" tests="4" name="Test" time="19.893" errors="0" timestamp="11 Aug 2018 22:14:31 GMT">
  <testcase classname="com.rogers.testparllel.TestParllel" name="firstName" time="1.163"/>
  <testcase classname="com.rogers.testparllel.TestParllel" name="lastName" time="0.943"/>
  <testcase classname="com.rogers.testparllel.TestParllel" name="email" time="1.001"/>
  <testcase classname="com.rogers.testparllel.TestParllel" name="pageTitle" time="0.085"/>
</testsuite> <!-- Test -->
