<?xml version="1.0" encoding="UTF-8"?>
<!-- Generated by org.testng.reporters.JUnitXMLReporter -->
<testsuite ignored="0" hostname="Anils-MacBook-Air.local" failures="0" tests="3" name="Test" time="32.694" errors="0" timestamp="11 Aug 2018 21:43:58 GMT">
  <testcase classname="com.rogers.testparllel.TestParllel" name="firstName" time="0.437"/>
  <testcase classname="com.rogers.testparllel.TestParllel" name="lastName" time="0.36"/>
  <testcase classname="com.rogers.testparllel.TestParllel" name="email" time="0.574"/>
</testsuite> <!-- Test -->
