<?xml version="1.0" encoding="UTF-8"?>
<!-- Generated by org.testng.reporters.JUnitXMLReporter -->
<testsuite ignored="0" hostname="Anils-MacBook-Air.local" failures="0" tests="4" name="Test" time="64.974" errors="0" timestamp="11 Aug 2018 22:16:23 GMT">
  <testcase classname="com.rogers.testparllel.TestParllel" name="firstName" time="1.113"/>
  <testcase classname="com.rogers.testparllel.TestParllel" name="lastName" time="0.637"/>
  <testcase classname="com.rogers.testparllel.TestParllel" name="email" time="0.477"/>
  <testcase classname="com.rogers.testparllel.TestParllel" name="pageTitle" time="0.059"/>
</testsuite> <!-- Test -->
