<?xml version="1.0" encoding="UTF-8"?>
<testsuite xmlns:xsi="http://www.w3.org/2001/XMLSchema-instance" xsi:noNamespaceSchemaLocation="https://maven.apache.org/surefire/maven-surefire-plugin/xsd/surefire-test-report.xsd" name="TestSuite" time="96.4" tests="8" errors="0" skipped="0" failures="0">
  <properties>
[...]
</properties>
  <testcase name="firstName" classname="com.rogers.testparllel.TestParllel" time="1.131"/>
  <testcase name="firstName" classname="com.rogers.testparllel.TestParllel" time="1.347"/>
  <testcase name="lastName" classname="com.rogers.testparllel.TestParllel" time="0.634"/>
  <testcase name="lastName" classname="com.rogers.testparllel.TestParllel" time="1.532"/>
  <testcase name="email" classname="com.rogers.testparllel.TestParllel" time="0.475"/>
  <testcase name="email" classname="com.rogers.testparllel.TestParllel" time="1.49"/>
  <testcase name="pageTitle" classname="com.rogers.testparllel.TestParllel" time="0.058"/>
  <testcase name="pageTitle" classname="com.rogers.testparllel.TestParllel" time="0.137"/>
</testsuite>