<?xml version="1.0" encoding="UTF-8"?>
<testng-results ignored="0" total="8" passed="8" failed="0" skipped="0">
  <reporter-output>
  </reporter-output>
  <suite started-at="2018-08-11T22:15:18Z" name="Suite" finished-at="2018-08-11T22:16:23Z" duration-ms="64974">
    <groups>
    </groups>
    <test started-at="2018-08-11T22:15:18Z" name="Test" finished-at="2018-08-11T22:16:23Z" duration-ms="64974">
      <class name="com.rogers.testparllel.TestParllel">
        <test-method is-config="true" signature="bInvoke(java.lang.String)[pri:0, instance:com.rogers.testparllel.TestParllel@5bf0d49]" started-at="2018-08-11T22:15:18Z" name="bInvoke" finished-at="2018-08-11T22:15:39Z" duration-ms="20286" status="PASS">
          <params>
            <param index="0">
              <value>
                <![CDATA[Firefox]]>
              </value>
            </param>
          </params>
          <reporter-output>
          </reporter-output>
        </test-method> <!-- bInvoke -->
        <test-method signature="firstName()[pri:1, instance:com.rogers.testparllel.TestParllel@5bf0d49]" started-at="2018-08-11T22:15:39Z" name="firstName" finished-at="2018-08-11T22:15:40Z" duration-ms="1113" status="PASS">
          <reporter-output>
          </reporter-output>
        </test-method> <!-- firstName -->
        <test-method is-config="true" signature="tearDown()[pri:0, instance:com.rogers.testparllel.TestParllel@5bf0d49]" started-at="2018-08-11T22:15:40Z" name="tearDown" finished-at="2018-08-11T22:15:42Z" duration-ms="2390" status="PASS">
          <reporter-output>
          </reporter-output>
        </test-method> <!-- tearDown -->
        <test-method is-config="true" signature="bInvoke(java.lang.String)[pri:0, instance:com.rogers.testparllel.TestParllel@5bf0d49]" started-at="2018-08-11T22:15:42Z" name="bInvoke" finished-at="2018-08-11T22:15:53Z" duration-ms="11016" status="PASS">
          <params>
            <param index="0">
              <value>
                <![CDATA[Firefox]]>
              </value>
            </param>
          </params>
          <reporter-output>
          </reporter-output>
        </test-method> <!-- bInvoke -->
        <test-method signature="lastName()[pri:2, instance:com.rogers.testparllel.TestParllel@5bf0d49]" started-at="2018-08-11T22:15:53Z" name="lastName" finished-at="2018-08-11T22:15:54Z" duration-ms="637" status="PASS">
          <reporter-output>
          </reporter-output>
        </test-method> <!-- lastName -->
        <test-method is-config="true" signature="tearDown()[pri:0, instance:com.rogers.testparllel.TestParllel@5bf0d49]" started-at="2018-08-11T22:15:54Z" name="tearDown" finished-at="2018-08-11T22:15:55Z" duration-ms="1350" status="PASS">
          <reporter-output>
          </reporter-output>
        </test-method> <!-- tearDown -->
        <test-method is-config="true" signature="bInvoke(java.lang.String)[pri:0, instance:com.rogers.testparllel.TestParllel@5bf0d49]" started-at="2018-08-11T22:15:55Z" name="bInvoke" finished-at="2018-08-11T22:16:07Z" duration-ms="11838" status="PASS">
          <params>
            <param index="0">
              <value>
                <![CDATA[Firefox]]>
              </value>
            </param>
          </params>
          <reporter-output>
          </reporter-output>
        </test-method> <!-- bInvoke -->
        <test-method signature="email()[pri:3, instance:com.rogers.testparllel.TestParllel@5bf0d49]" started-at="2018-08-11T22:16:07Z" name="email" finished-at="2018-08-11T22:16:08Z" duration-ms="477" status="PASS">
          <reporter-output>
          </reporter-output>
        </test-method> <!-- email -->
        <test-method is-config="true" signature="tearDown()[pri:0, instance:com.rogers.testparllel.TestParllel@5bf0d49]" started-at="2018-08-11T22:16:08Z" name="tearDown" finished-at="2018-08-11T22:16:09Z" duration-ms="1730" status="PASS">
          <reporter-output>
          </reporter-output>
        </test-method> <!-- tearDown -->
        <test-method is-config="true" signature="bInvoke(java.lang.String)[pri:0, instance:com.rogers.testparllel.TestParllel@5bf0d49]" started-at="2018-08-11T22:16:09Z" name="bInvoke" finished-at="2018-08-11T22:16:21Z" duration-ms="12081" status="PASS">
          <params>
            <param index="0">
              <value>
                <![CDATA[Firefox]]>
              </value>
            </param>
          </params>
          <reporter-output>
          </reporter-output>
        </test-method> <!-- bInvoke -->
        <test-method signature="pageTitle()[pri:4, instance:com.rogers.testparllel.TestParllel@5bf0d49]" started-at="2018-08-11T22:16:21Z" name="pageTitle" finished-at="2018-08-11T22:16:21Z" duration-ms="59" status="PASS">
          <reporter-output>
          </reporter-output>
        </test-method> <!-- pageTitle -->
        <test-method is-config="true" signature="tearDown()[pri:0, instance:com.rogers.testparllel.TestParllel@5bf0d49]" started-at="2018-08-11T22:16:21Z" name="tearDown" finished-at="2018-08-11T22:16:23Z" duration-ms="1869" status="PASS">
          <reporter-output>
          </reporter-output>
        </test-method> <!-- tearDown -->
      </class> <!-- com.rogers.testparllel.TestParllel -->
    </test> <!-- Test -->
  </suite> <!-- Suite -->
  <suite started-at="2018-08-11T22:16:23Z" name="Suite (0)" finished-at="2018-08-11T22:16:53Z" duration-ms="29251">
    <groups>
    </groups>
    <test started-at="2018-08-11T22:16:23Z" name="Test" finished-at="2018-08-11T22:16:53Z" duration-ms="29251">
      <class name="com.rogers.testparllel.TestParllel">
        <test-method is-config="true" signature="bInvoke(java.lang.String)[pri:0, instance:com.rogers.testparllel.TestParllel@10683d9d]" started-at="2018-08-11T22:16:23Z" name="bInvoke" finished-at="2018-08-11T22:16:30Z" duration-ms="6427" status="PASS">
          <params>
            <param index="0">
              <value>
                <![CDATA[Chrome]]>
              </value>
            </param>
          </params>
          <reporter-output>
          </reporter-output>
        </test-method> <!-- bInvoke -->
        <test-method signature="firstName()[pri:1, instance:com.rogers.testparllel.TestParllel@10683d9d]" started-at="2018-08-11T22:16:30Z" name="firstName" finished-at="2018-08-11T22:16:31Z" duration-ms="1347" status="PASS">
          <reporter-output>
          </reporter-output>
        </test-method> <!-- firstName -->
        <test-method is-config="true" signature="tearDown()[pri:0, instance:com.rogers.testparllel.TestParllel@10683d9d]" started-at="2018-08-11T22:16:31Z" name="tearDown" finished-at="2018-08-11T22:16:31Z" duration-ms="241" status="PASS">
          <reporter-output>
          </reporter-output>
        </test-method> <!-- tearDown -->
        <test-method is-config="true" signature="bInvoke(java.lang.String)[pri:0, instance:com.rogers.testparllel.TestParllel@10683d9d]" started-at="2018-08-11T22:16:31Z" name="bInvoke" finished-at="2018-08-11T22:16:39Z" duration-ms="7237" status="PASS">
          <params>
            <param index="0">
              <value>
                <![CDATA[Chrome]]>
              </value>
            </param>
          </params>
          <reporter-output>
          </reporter-output>
        </test-method> <!-- bInvoke -->
        <test-method signature="lastName()[pri:2, instance:com.rogers.testparllel.TestParllel@10683d9d]" started-at="2018-08-11T22:16:39Z" name="lastName" finished-at="2018-08-11T22:16:40Z" duration-ms="1531" status="PASS">
          <reporter-output>
          </reporter-output>
        </test-method> <!-- lastName -->
        <test-method is-config="true" signature="tearDown()[pri:0, instance:com.rogers.testparllel.TestParllel@10683d9d]" started-at="2018-08-11T22:16:40Z" name="tearDown" finished-at="2018-08-11T22:16:40Z" duration-ms="237" status="PASS">
          <reporter-output>
          </reporter-output>
        </test-method> <!-- tearDown -->
        <test-method is-config="true" signature="bInvoke(java.lang.String)[pri:0, instance:com.rogers.testparllel.TestParllel@10683d9d]" started-at="2018-08-11T22:16:40Z" name="bInvoke" finished-at="2018-08-11T22:16:46Z" duration-ms="5898" status="PASS">
          <params>
            <param index="0">
              <value>
                <![CDATA[Chrome]]>
              </value>
            </param>
          </params>
          <reporter-output>
          </reporter-output>
        </test-method> <!-- bInvoke -->
        <test-method signature="email()[pri:3, instance:com.rogers.testparllel.TestParllel@10683d9d]" started-at="2018-08-11T22:16:46Z" name="email" finished-at="2018-08-11T22:16:48Z" duration-ms="1490" status="PASS">
          <reporter-output>
          </reporter-output>
        </test-method> <!-- email -->
        <test-method is-config="true" signature="tearDown()[pri:0, instance:com.rogers.testparllel.TestParllel@10683d9d]" started-at="2018-08-11T22:16:48Z" name="tearDown" finished-at="2018-08-11T22:16:48Z" duration-ms="398" status="PASS">
          <reporter-output>
          </reporter-output>
        </test-method> <!-- tearDown -->
        <test-method is-config="true" signature="bInvoke(java.lang.String)[pri:0, instance:com.rogers.testparllel.TestParllel@10683d9d]" started-at="2018-08-11T22:16:48Z" name="bInvoke" finished-at="2018-08-11T22:16:52Z" duration-ms="4059" status="PASS">
          <params>
            <param index="0">
              <value>
                <![CDATA[Chrome]]>
              </value>
            </param>
          </params>
          <reporter-output>
          </reporter-output>
        </test-method> <!-- bInvoke -->
        <test-method signature="pageTitle()[pri:4, instance:com.rogers.testparllel.TestParllel@10683d9d]" started-at="2018-08-11T22:16:52Z" name="pageTitle" finished-at="2018-08-11T22:16:52Z" duration-ms="136" status="PASS">
          <reporter-output>
          </reporter-output>
        </test-method> <!-- pageTitle -->
        <test-method is-config="true" signature="tearDown()[pri:0, instance:com.rogers.testparllel.TestParllel@10683d9d]" started-at="2018-08-11T22:16:52Z" name="tearDown" finished-at="2018-08-11T22:16:53Z" duration-ms="224" status="PASS">
          <reporter-output>
          </reporter-output>
        </test-method> <!-- tearDown -->
      </class> <!-- com.rogers.testparllel.TestParllel -->
    </test> <!-- Test -->
  </suite> <!-- Suite (0) -->
</testng-results>
