<?xml version="1.0" encoding="UTF-8"?>
<testng-results ignored="0" total="6" passed="6" failed="0" skipped="0">
  <reporter-output>
  </reporter-output>
  <suite started-at="2018-08-11T21:43:25Z" name="Suite" finished-at="2018-08-11T21:43:58Z" duration-ms="32694">
    <groups>
    </groups>
    <test started-at="2018-08-11T21:43:25Z" name="Test" finished-at="2018-08-11T21:43:58Z" duration-ms="32694">
      <class name="com.rogers.testparllel.TestParllel">
        <test-method is-config="true" signature="bInvoke(java.lang.String)[pri:0, instance:com.rogers.testparllel.TestParllel@175c2241]" started-at="2018-08-11T21:43:25Z" name="bInvoke" finished-at="2018-08-11T21:43:35Z" duration-ms="9842" status="PASS">
          <params>
            <param index="0">
              <value>
                <![CDATA[Firefox]]>
              </value>
            </param>
          </params>
          <reporter-output>
          </reporter-output>
        </test-method> <!-- bInvoke -->
        <test-method signature="firstName()[pri:1, instance:com.rogers.testparllel.TestParllel@175c2241]" started-at="2018-08-11T21:43:35Z" name="firstName" finished-at="2018-08-11T21:43:36Z" duration-ms="437" status="PASS">
          <reporter-output>
          </reporter-output>
        </test-method> <!-- firstName -->
        <test-method is-config="true" signature="tearDown()[pri:0, instance:com.rogers.testparllel.TestParllel@175c2241]" started-at="2018-08-11T21:43:36Z" name="tearDown" finished-at="2018-08-11T21:43:37Z" duration-ms="1356" status="PASS">
          <reporter-output>
          </reporter-output>
        </test-method> <!-- tearDown -->
        <test-method is-config="true" signature="bInvoke(java.lang.String)[pri:0, instance:com.rogers.testparllel.TestParllel@175c2241]" started-at="2018-08-11T21:43:37Z" name="bInvoke" finished-at="2018-08-11T21:43:43Z" duration-ms="6441" status="PASS">
          <params>
            <param index="0">
              <value>
                <![CDATA[Firefox]]>
              </value>
            </param>
          </params>
          <reporter-output>
          </reporter-output>
        </test-method> <!-- bInvoke -->
        <test-method signature="lastName()[pri:2, instance:com.rogers.testparllel.TestParllel@175c2241]" started-at="2018-08-11T21:43:43Z" name="lastName" finished-at="2018-08-11T21:43:44Z" duration-ms="360" status="PASS">
          <reporter-output>
          </reporter-output>
        </test-method> <!-- lastName -->
        <test-method is-config="true" signature="tearDown()[pri:0, instance:com.rogers.testparllel.TestParllel@175c2241]" started-at="2018-08-11T21:43:44Z" name="tearDown" finished-at="2018-08-11T21:43:45Z" duration-ms="1230" status="PASS">
          <reporter-output>
          </reporter-output>
        </test-method> <!-- tearDown -->
        <test-method is-config="true" signature="bInvoke(java.lang.String)[pri:0, instance:com.rogers.testparllel.TestParllel@175c2241]" started-at="2018-08-11T21:43:45Z" name="bInvoke" finished-at="2018-08-11T21:43:56Z" duration-ms="10921" status="PASS">
          <params>
            <param index="0">
              <value>
                <![CDATA[Firefox]]>
              </value>
            </param>
          </params>
          <reporter-output>
          </reporter-output>
        </test-method> <!-- bInvoke -->
        <test-method signature="email()[pri:3, instance:com.rogers.testparllel.TestParllel@175c2241]" started-at="2018-08-11T21:43:56Z" name="email" finished-at="2018-08-11T21:43:56Z" duration-ms="574" status="PASS">
          <reporter-output>
          </reporter-output>
        </test-method> <!-- email -->
        <test-method is-config="true" signature="tearDown()[pri:0, instance:com.rogers.testparllel.TestParllel@175c2241]" started-at="2018-08-11T21:43:56Z" name="tearDown" finished-at="2018-08-11T21:43:58Z" duration-ms="1484" status="PASS">
          <reporter-output>
          </reporter-output>
        </test-method> <!-- tearDown -->
      </class> <!-- com.rogers.testparllel.TestParllel -->
    </test> <!-- Test -->
  </suite> <!-- Suite -->
  <suite started-at="2018-08-11T21:43:58Z" name="Suite (0)" finished-at="2018-08-11T21:44:20Z" duration-ms="22049">
    <groups>
    </groups>
    <test started-at="2018-08-11T21:43:58Z" name="Test" finished-at="2018-08-11T21:44:20Z" duration-ms="22049">
      <class name="com.rogers.testparllel.TestParllel">
        <test-method is-config="true" signature="bInvoke(java.lang.String)[pri:0, instance:com.rogers.testparllel.TestParllel@1f2586d6]" started-at="2018-08-11T21:43:58Z" name="bInvoke" finished-at="2018-08-11T21:44:05Z" duration-ms="6360" status="PASS">
          <params>
            <param index="0">
              <value>
                <![CDATA[Chrome]]>
              </value>
            </param>
          </params>
          <reporter-output>
          </reporter-output>
        </test-method> <!-- bInvoke -->
        <test-method signature="firstName()[pri:1, instance:com.rogers.testparllel.TestParllel@1f2586d6]" started-at="2018-08-11T21:44:05Z" name="firstName" finished-at="2018-08-11T21:44:07Z" duration-ms="2094" status="PASS">
          <reporter-output>
          </reporter-output>
        </test-method> <!-- firstName -->
        <test-method is-config="true" signature="tearDown()[pri:0, instance:com.rogers.testparllel.TestParllel@1f2586d6]" started-at="2018-08-11T21:44:07Z" name="tearDown" finished-at="2018-08-11T21:44:07Z" duration-ms="252" status="PASS">
          <reporter-output>
          </reporter-output>
        </test-method> <!-- tearDown -->
        <test-method is-config="true" signature="bInvoke(java.lang.String)[pri:0, instance:com.rogers.testparllel.TestParllel@1f2586d6]" started-at="2018-08-11T21:44:07Z" name="bInvoke" finished-at="2018-08-11T21:44:11Z" duration-ms="3942" status="PASS">
          <params>
            <param index="0">
              <value>
                <![CDATA[Chrome]]>
              </value>
            </param>
          </params>
          <reporter-output>
          </reporter-output>
        </test-method> <!-- bInvoke -->
        <test-method signature="lastName()[pri:2, instance:com.rogers.testparllel.TestParllel@1f2586d6]" started-at="2018-08-11T21:44:11Z" name="lastName" finished-at="2018-08-11T21:44:12Z" duration-ms="1343" status="PASS">
          <reporter-output>
          </reporter-output>
        </test-method> <!-- lastName -->
        <test-method is-config="true" signature="tearDown()[pri:0, instance:com.rogers.testparllel.TestParllel@1f2586d6]" started-at="2018-08-11T21:44:12Z" name="tearDown" finished-at="2018-08-11T21:44:13Z" duration-ms="293" status="PASS">
          <reporter-output>
          </reporter-output>
        </test-method> <!-- tearDown -->
        <test-method is-config="true" signature="bInvoke(java.lang.String)[pri:0, instance:com.rogers.testparllel.TestParllel@1f2586d6]" started-at="2018-08-11T21:44:13Z" name="bInvoke" finished-at="2018-08-11T21:44:18Z" duration-ms="5574" status="PASS">
          <params>
            <param index="0">
              <value>
                <![CDATA[Chrome]]>
              </value>
            </param>
          </params>
          <reporter-output>
          </reporter-output>
        </test-method> <!-- bInvoke -->
        <test-method signature="email()[pri:3, instance:com.rogers.testparllel.TestParllel@1f2586d6]" started-at="2018-08-11T21:44:18Z" name="email" finished-at="2018-08-11T21:44:20Z" duration-ms="1813" status="PASS">
          <reporter-output>
          </reporter-output>
        </test-method> <!-- email -->
        <test-method is-config="true" signature="tearDown()[pri:0, instance:com.rogers.testparllel.TestParllel@1f2586d6]" started-at="2018-08-11T21:44:20Z" name="tearDown" finished-at="2018-08-11T21:44:20Z" duration-ms="367" status="PASS">
          <reporter-output>
          </reporter-output>
        </test-method> <!-- tearDown -->
      </class> <!-- com.rogers.testparllel.TestParllel -->
    </test> <!-- Test -->
  </suite> <!-- Suite (0) -->
</testng-results>
