<?xml version="1.0" encoding="UTF-8"?>
<!-- Generated by org.testng.reporters.JUnitXMLReporter -->
<testsuite ignored="0" hostname="Anils-MacBook-Air.local" failures="0" tests="3" name="Test" time="22.049" errors="0" timestamp="11 Aug 2018 21:44:20 GMT">
  <testcase classname="com.rogers.testparllel.TestParllel" name="firstName" time="2.094"/>
  <testcase classname="com.rogers.testparllel.TestParllel" name="lastName" time="1.343"/>
  <testcase classname="com.rogers.testparllel.TestParllel" name="email" time="1.813"/>
</testsuite> <!-- Test -->
