<?xml version="1.0" encoding="UTF-8"?>
<!-- Generated by org.testng.reporters.JUnitXMLReporter -->
<testsuite ignored="0" hostname="Anils-MacBook-Air.local" failures="0" tests="4" name="Test" time="29.251" errors="0" timestamp="11 Aug 2018 22:16:53 GMT">
  <testcase classname="com.rogers.testparllel.TestParllel" name="firstName" time="1.347"/>
  <testcase classname="com.rogers.testparllel.TestParllel" name="lastName" time="1.531"/>
  <testcase classname="com.rogers.testparllel.TestParllel" name="email" time="1.49"/>
  <testcase classname="com.rogers.testparllel.TestParllel" name="pageTitle" time="0.136"/>
</testsuite> <!-- Test -->
