<?xml version="1.0" encoding="UTF-8"?>
<testng-results ignored="0" total="3" passed="2" failed="1" skipped="0">
  <reporter-output>
  </reporter-output>
  <suite started-at="2018-08-11T21:48:55Z" name="Suite" finished-at="2018-08-11T21:49:10Z" duration-ms="15500">
    <groups>
    </groups>
    <test started-at="2018-08-11T21:48:55Z" name="Test" finished-at="2018-08-11T21:49:10Z" duration-ms="15500">
      <class name="com.rogers.testparllel.TestParllel">
        <test-method is-config="true" signature="bInvoke(java.lang.String)[pri:0, instance:com.rogers.testparllel.TestParllel@71c3b41]" started-at="2018-08-11T21:48:55Z" name="bInvoke" finished-at="2018-08-11T21:49:01Z" duration-ms="6050" status="PASS">
          <params>
            <param index="0">
              <value>
                <![CDATA[Chrome]]>
              </value>
            </param>
          </params>
          <reporter-output>
          </reporter-output>
        </test-method> <!-- bInvoke -->
        <test-method signature="firstName()[pri:1, instance:com.rogers.testparllel.TestParllel@71c3b41]" started-at="2018-08-11T21:49:01Z" name="firstName" finished-at="2018-08-11T21:49:02Z" duration-ms="1018" status="FAIL">
          <exception class="junit.framework.ComparisonFailure">
            <message>
              <![CDATA[expected:<......> but was:<...n...>]]>
            </message>
            <full-stacktrace>
              <![CDATA[junit.framework.ComparisonFailure: expected:<......> but was:<...n...>
at junit.framework.Assert.assertEquals(Assert.java:81)
at junit.framework.Assert.assertEquals(Assert.java:87)
at com.rogers.testparllel.TestParllel.firstName(TestParllel.java:49)
at java.base/jdk.internal.reflect.NativeMethodAccessorImpl.invoke0(Native Method)
at java.base/jdk.internal.reflect.NativeMethodAccessorImpl.invoke(NativeMethodAccessorImpl.java:62)
at java.base/jdk.internal.reflect.DelegatingMethodAccessorImpl.invoke(DelegatingMethodAccessorImpl.java:43)
at java.base/java.lang.reflect.Method.invoke(Method.java:564)
at org.testng.internal.MethodInvocationHelper.invokeMethod(MethodInvocationHelper.java:124)
at org.testng.internal.Invoker.invokeMethod(Invoker.java:583)
at org.testng.internal.Invoker.invokeTestMethod(Invoker.java:719)
at org.testng.internal.Invoker.invokeTestMethods(Invoker.java:989)
at org.testng.internal.TestMethodWorker.invokeTestMethods(TestMethodWorker.java:125)
at org.testng.internal.TestMethodWorker.run(TestMethodWorker.java:109)
at java.base/java.util.concurrent.ThreadPoolExecutor.runWorker(ThreadPoolExecutor.java:1167)
at java.base/java.util.concurrent.ThreadPoolExecutor$Worker.run(ThreadPoolExecutor.java:641)
at java.base/java.lang.Thread.run(Thread.java:844)
]]>
            </full-stacktrace>
          </exception> <!-- junit.framework.ComparisonFailure -->
          <reporter-output>
          </reporter-output>
        </test-method> <!-- firstName -->
        <test-method is-config="true" signature="tearDown()[pri:0, instance:com.rogers.testparllel.TestParllel@71c3b41]" started-at="2018-08-11T21:49:02Z" name="tearDown" finished-at="2018-08-11T21:49:02Z" duration-ms="193" status="PASS">
          <reporter-output>
          </reporter-output>
        </test-method> <!-- tearDown -->
        <test-method is-config="true" signature="bInvoke(java.lang.String)[pri:0, instance:com.rogers.testparllel.TestParllel@71c3b41]" started-at="2018-08-11T21:49:02Z" name="bInvoke" finished-at="2018-08-11T21:49:05Z" duration-ms="2955" status="PASS">
          <params>
            <param index="0">
              <value>
                <![CDATA[Chrome]]>
              </value>
            </param>
          </params>
          <reporter-output>
          </reporter-output>
        </test-method> <!-- bInvoke -->
        <test-method signature="lastName()[pri:2, instance:com.rogers.testparllel.TestParllel@71c3b41]" started-at="2018-08-11T21:49:05Z" name="lastName" finished-at="2018-08-11T21:49:06Z" duration-ms="935" status="PASS">
          <reporter-output>
          </reporter-output>
        </test-method> <!-- lastName -->
        <test-method is-config="true" signature="tearDown()[pri:0, instance:com.rogers.testparllel.TestParllel@71c3b41]" started-at="2018-08-11T21:49:06Z" name="tearDown" finished-at="2018-08-11T21:49:06Z" duration-ms="170" status="PASS">
          <reporter-output>
          </reporter-output>
        </test-method> <!-- tearDown -->
        <test-method is-config="true" signature="bInvoke(java.lang.String)[pri:0, instance:com.rogers.testparllel.TestParllel@71c3b41]" started-at="2018-08-11T21:49:06Z" name="bInvoke" finished-at="2018-08-11T21:49:09Z" duration-ms="2815" status="PASS">
          <params>
            <param index="0">
              <value>
                <![CDATA[Chrome]]>
              </value>
            </param>
          </params>
          <reporter-output>
          </reporter-output>
        </test-method> <!-- bInvoke -->
        <test-method signature="email()[pri:3, instance:com.rogers.testparllel.TestParllel@71c3b41]" started-at="2018-08-11T21:49:09Z" name="email" finished-at="2018-08-11T21:49:10Z" duration-ms="1128" status="PASS">
          <reporter-output>
          </reporter-output>
        </test-method> <!-- email -->
        <test-method is-config="true" signature="tearDown()[pri:0, instance:com.rogers.testparllel.TestParllel@71c3b41]" started-at="2018-08-11T21:49:10Z" name="tearDown" finished-at="2018-08-11T21:49:10Z" duration-ms="178" status="PASS">
          <reporter-output>
          </reporter-output>
        </test-method> <!-- tearDown -->
      </class> <!-- com.rogers.testparllel.TestParllel -->
    </test> <!-- Test -->
  </suite> <!-- Suite -->
</testng-results>
