<?xml version="1.0" encoding="UTF-8"?>
<testng-results ignored="0" total="4" passed="4" failed="0" skipped="0">
  <reporter-output>
  </reporter-output>
  <suite started-at="2018-08-11T22:14:11Z" name="Suite" finished-at="2018-08-11T22:14:30Z" duration-ms="19893">
    <groups>
    </groups>
    <test started-at="2018-08-11T22:14:11Z" name="Test" finished-at="2018-08-11T22:14:30Z" duration-ms="19893">
      <class name="com.rogers.testparllel.TestParllel">
        <test-method is-config="true" signature="bInvoke(java.lang.String)[pri:0, instance:com.rogers.testparllel.TestParllel@236e3f4e]" started-at="2018-08-11T22:14:11Z" name="bInvoke" finished-at="2018-08-11T22:14:18Z" duration-ms="6945" status="PASS">
          <params>
            <param index="0">
              <value>
                <![CDATA[Chrome]]>
              </value>
            </param>
          </params>
          <reporter-output>
          </reporter-output>
        </test-method> <!-- bInvoke -->
        <test-method signature="firstName()[pri:1, instance:com.rogers.testparllel.TestParllel@236e3f4e]" started-at="2018-08-11T22:14:18Z" name="firstName" finished-at="2018-08-11T22:14:19Z" duration-ms="1163" status="PASS">
          <reporter-output>
          </reporter-output>
        </test-method> <!-- firstName -->
        <test-method is-config="true" signature="tearDown()[pri:0, instance:com.rogers.testparllel.TestParllel@236e3f4e]" started-at="2018-08-11T22:14:19Z" name="tearDown" finished-at="2018-08-11T22:14:19Z" duration-ms="241" status="PASS">
          <reporter-output>
          </reporter-output>
        </test-method> <!-- tearDown -->
        <test-method is-config="true" signature="bInvoke(java.lang.String)[pri:0, instance:com.rogers.testparllel.TestParllel@236e3f4e]" started-at="2018-08-11T22:14:19Z" name="bInvoke" finished-at="2018-08-11T22:14:22Z" duration-ms="2945" status="PASS">
          <params>
            <param index="0">
              <value>
                <![CDATA[Chrome]]>
              </value>
            </param>
          </params>
          <reporter-output>
          </reporter-output>
        </test-method> <!-- bInvoke -->
        <test-method signature="lastName()[pri:2, instance:com.rogers.testparllel.TestParllel@236e3f4e]" started-at="2018-08-11T22:14:22Z" name="lastName" finished-at="2018-08-11T22:14:23Z" duration-ms="943" status="PASS">
          <reporter-output>
          </reporter-output>
        </test-method> <!-- lastName -->
        <test-method is-config="true" signature="tearDown()[pri:0, instance:com.rogers.testparllel.TestParllel@236e3f4e]" started-at="2018-08-11T22:14:23Z" name="tearDown" finished-at="2018-08-11T22:14:23Z" duration-ms="205" status="PASS">
          <reporter-output>
          </reporter-output>
        </test-method> <!-- tearDown -->
        <test-method is-config="true" signature="bInvoke(java.lang.String)[pri:0, instance:com.rogers.testparllel.TestParllel@236e3f4e]" started-at="2018-08-11T22:14:23Z" name="bInvoke" finished-at="2018-08-11T22:14:26Z" duration-ms="2808" status="PASS">
          <params>
            <param index="0">
              <value>
                <![CDATA[Chrome]]>
              </value>
            </param>
          </params>
          <reporter-output>
          </reporter-output>
        </test-method> <!-- bInvoke -->
        <test-method signature="email()[pri:3, instance:com.rogers.testparllel.TestParllel@236e3f4e]" started-at="2018-08-11T22:14:26Z" name="email" finished-at="2018-08-11T22:14:27Z" duration-ms="1001" status="PASS">
          <reporter-output>
          </reporter-output>
        </test-method> <!-- email -->
        <test-method is-config="true" signature="tearDown()[pri:0, instance:com.rogers.testparllel.TestParllel@236e3f4e]" started-at="2018-08-11T22:14:27Z" name="tearDown" finished-at="2018-08-11T22:14:27Z" duration-ms="267" status="PASS">
          <reporter-output>
          </reporter-output>
        </test-method> <!-- tearDown -->
        <test-method is-config="true" signature="bInvoke(java.lang.String)[pri:0, instance:com.rogers.testparllel.TestParllel@236e3f4e]" started-at="2018-08-11T22:14:27Z" name="bInvoke" finished-at="2018-08-11T22:14:30Z" duration-ms="3017" status="PASS">
          <params>
            <param index="0">
              <value>
                <![CDATA[Chrome]]>
              </value>
            </param>
          </params>
          <reporter-output>
          </reporter-output>
        </test-method> <!-- bInvoke -->
        <test-method signature="pageTitle()[pri:4, instance:com.rogers.testparllel.TestParllel@236e3f4e]" started-at="2018-08-11T22:14:30Z" name="pageTitle" finished-at="2018-08-11T22:14:30Z" duration-ms="85" status="PASS">
          <reporter-output>
          </reporter-output>
        </test-method> <!-- pageTitle -->
        <test-method is-config="true" signature="tearDown()[pri:0, instance:com.rogers.testparllel.TestParllel@236e3f4e]" started-at="2018-08-11T22:14:30Z" name="tearDown" finished-at="2018-08-11T22:14:30Z" duration-ms="174" status="PASS">
          <reporter-output>
          </reporter-output>
        </test-method> <!-- tearDown -->
      </class> <!-- com.rogers.testparllel.TestParllel -->
    </test> <!-- Test -->
  </suite> <!-- Suite -->
</testng-results>
